<?xml version="1.0" encoding="UTF-8"?>
<coverage generated="1525876632753" clover="3.2.0">
  <project timestamp="1525876632753" name="All files">
    <metrics statements="36" coveredstatements="32" conditionals="13" coveredconditionals="10" methods="25" coveredmethods="23" elements="74" coveredelements="65" complexity="0" loc="36" ncloc="36" packages="4" files="9" classes="9">
      <package name="__tests__">
        <metrics statements="1" coveredstatements="1" conditionals="0" coveredconditionals="0" methods="0" coveredmethods="0"/>
        <file name="setup.js" path="/home/mauricio/Documents/react/native/GoNative/testesAutomatizados/__tests__/setup.js">
          <metrics statements="1" coveredstatements="1" conditionals="0" coveredconditionals="0" methods="0" coveredmethods="0"/>
          <line num="4" count="4" type="stmt"/>
        </file>
      </package>
      <package name="src">
        <metrics statements="18" coveredstatements="15" conditionals="4" coveredconditionals="3" methods="14" coveredmethods="12"/>
        <file name="List.js" path="/home/mauricio/Documents/react/native/GoNative/testesAutomatizados/src/List.js">
          <metrics statements="9" coveredstatements="8" conditionals="4" coveredconditionals="3" methods="8" coveredmethods="8"/>
          <line num="12" count="6" type="cond" truecount="1" falsecount="1"/>
          <line num="14" count="0" type="stmt"/>
          <line num="18" count="6" type="stmt"/>
          <line num="19" count="15" type="stmt"/>
          <line num="24" count="1" type="stmt"/>
          <line num="33" count="1" type="stmt"/>
          <line num="37" count="1" type="stmt"/>
          <line num="38" count="3" type="stmt"/>
          <line num="43" count="12" type="stmt"/>
        </file>
        <file name="Post.js" path="/home/mauricio/Documents/react/native/GoNative/testesAutomatizados/src/Post.js">
          <metrics statements="3" coveredstatements="1" conditionals="0" coveredconditionals="0" methods="2" coveredmethods="0"/>
          <line num="4" count="1" type="stmt"/>
          <line num="5" count="0" type="stmt"/>
          <line num="9" count="0" type="stmt"/>
        </file>
        <file name="TodoList.js" path="/home/mauricio/Documents/react/native/GoNative/testesAutomatizados/src/TodoList.js">
          <metrics statements="6" coveredstatements="6" conditionals="0" coveredconditionals="0" methods="4" coveredmethods="4"/>
          <line num="7" count="1" type="stmt"/>
          <line num="8" count="2" type="stmt"/>
          <line num="9" count="4" type="stmt"/>
          <line num="15" count="2" type="stmt"/>
          <line num="19" count="1" type="stmt"/>
          <line num="20" count="2" type="stmt"/>
        </file>
      </package>
      <package name="src.services">
        <metrics statements="0" coveredstatements="0" conditionals="0" coveredconditionals="0" methods="0" coveredmethods="0"/>
        <file name="api.js" path="/home/mauricio/Documents/react/native/GoNative/testesAutomatizados/src/services/api.js">
          <metrics statements="0" coveredstatements="0" conditionals="0" coveredconditionals="0" methods="0" coveredmethods="0"/>
        </file>
      </package>
      <package name="src.store">
        <metrics statements="17" coveredstatements="16" conditionals="9" coveredconditionals="7" methods="11" coveredmethods="11"/>
        <file name="actions.js" path="/home/mauricio/Documents/react/native/GoNative/testesAutomatizados/src/store/actions.js">
          <metrics statements="3" coveredstatements="3" conditionals="0" coveredconditionals="0" methods="3" coveredmethods="3"/>
          <line num="2" count="3" type="stmt"/>
          <line num="11" count="1" type="stmt"/>
          <line num="20" count="2" type="stmt"/>
        </file>
        <file name="reducers.js" path="/home/mauricio/Documents/react/native/GoNative/testesAutomatizados/src/store/reducers.js">
          <metrics statements="6" coveredstatements="6" conditionals="7" coveredconditionals="6" methods="3" coveredmethods="3"/>
          <line num="2" count="5" type="cond" truecount="4" falsecount="0"/>
          <line num="4" count="1" type="stmt"/>
          <line num="7" count="2" type="stmt"/>
          <line num="10" count="2" type="stmt"/>
          <line num="11" count="4" type="cond" truecount="2" falsecount="0"/>
          <line num="17" count="1" type="stmt"/>
        </file>
        <file name="sagas.js" path="/home/mauricio/Documents/react/native/GoNative/testesAutomatizados/src/store/sagas.js">
          <metrics statements="5" coveredstatements="4" conditionals="2" coveredconditionals="1" methods="2" coveredmethods="2"/>
          <line num="7" count="2" type="stmt"/>
          <line num="9" count="2" type="cond" truecount="1" falsecount="1"/>
          <line num="10" count="0" type="stmt"/>
          <line num="12" count="2" type="stmt"/>
          <line num="17" count="2" type="stmt"/>
        </file>
        <file name="userActions.js" path="/home/mauricio/Documents/react/native/GoNative/testesAutomatizados/src/store/userActions.js">
          <metrics statements="3" coveredstatements="3" conditionals="0" coveredconditionals="0" methods="3" coveredmethods="3"/>
          <line num="2" count="2" type="stmt"/>
          <line num="11" count="1" type="stmt"/>
          <line num="20" count="4" type="stmt"/>
        </file>
      </package>
    </metrics>
  </project>
</coverage>
