{"/home/mauricio/Documents/react/native/GoNative/testesAutomatizados/__tests__/setup.js": {"path":"/home/mauricio/Documents/react/native/GoNative/testesAutomatizados/__tests__/setup.js","statementMap":{"0":{"start":{"line":4,"column":0},"end":{"line":4,"column":45}}},"fnMap":{},"branchMap":{},"s":{"0":4},"f":{},"b":{},"_coverageSchema":"332fd63041d2c1bcb487cc26dd0d5f7d97098a6c","hash":"9b54e071be441cc9ac5c89e66bd0d88c768a4a1b"}
,"/home/mauricio/Documents/react/native/GoNative/testesAutomatizados/src/List.js": {"path":"/home/mauricio/Documents/react/native/GoNative/testesAutomatizados/src/List.js","statementMap":{"0":{"start":{"line":12,"column":18},"end":{"line":12,"column":79}},"1":{"start":{"line":14,"column":4},"end":{"line":14,"column":29}},"2":{"start":{"line":18,"column":4},"end":{"line":20,"column":17}},"3":{"start":{"line":19,"column":37},"end":{"line":19,"column":97}},"4":{"start":{"line":24,"column":4},"end":{"line":29,"column":7}},"5":{"start":{"line":33,"column":4},"end":{"line":33,"column":76}},"6":{"start":{"line":37,"column":4},"end":{"line":39,"column":7}},"7":{"start":{"line":38,"column":45},"end":{"line":38,"column":59}},"8":{"start":{"line":43,"column":4},"end":{"line":53,"column":6}}},"fnMap":{"0":{"name":"(anonymous_0)","decl":{"start":{"line":11,"column":2},"end":{"line":11,"column":3}},"loc":{"start":{"line":11,"column":28},"end":{"line":15,"column":3}},"line":11},"1":{"name":"(anonymous_1)","decl":{"start":{"line":17,"column":16},"end":{"line":17,"column":17}},"loc":{"start":{"line":18,"column":4},"end":{"line":20,"column":17}},"line":18},"2":{"name":"(anonymous_2)","decl":{"start":{"line":19,"column":29},"end":{"line":19,"column":30}},"loc":{"start":{"line":19,"column":37},"end":{"line":19,"column":97}},"line":19},"3":{"name":"(anonymous_3)","decl":{"start":{"line":23,"column":12},"end":{"line":23,"column":13}},"loc":{"start":{"line":23,"column":18},"end":{"line":30,"column":3}},"line":23},"4":{"name":"(anonymous_4)","decl":{"start":{"line":32,"column":13},"end":{"line":32,"column":14}},"loc":{"start":{"line":32,"column":25},"end":{"line":34,"column":3}},"line":32},"5":{"name":"(anonymous_5)","decl":{"start":{"line":36,"column":15},"end":{"line":36,"column":16}},"loc":{"start":{"line":36,"column":21},"end":{"line":40,"column":3}},"line":36},"6":{"name":"(anonymous_6)","decl":{"start":{"line":38,"column":37},"end":{"line":38,"column":38}},"loc":{"start":{"line":38,"column":45},"end":{"line":38,"column":59}},"line":38},"7":{"name":"(anonymous_7)","decl":{"start":{"line":42,"column":2},"end":{"line":42,"column":3}},"loc":{"start":{"line":42,"column":11},"end":{"line":54,"column":3}},"line":42}},"branchMap":{"0":{"loc":{"start":{"line":12,"column":18},"end":{"line":12,"column":79}},"type":"binary-expr","locations":[{"start":{"line":12,"column":18},"end":{"line":12,"column":73}},{"start":{"line":12,"column":77},"end":{"line":12,"column":79}}],"line":12},"1":{"loc":{"start":{"line":45,"column":10},"end":{"line":47,"column":37}},"type":"cond-expr","locations":[{"start":{"line":46,"column":12},"end":{"line":46,"column":30}},{"start":{"line":47,"column":12},"end":{"line":47,"column":37}}],"line":45}},"s":{"0":6,"1":0,"2":6,"3":15,"4":1,"5":1,"6":1,"7":3,"8":12},"f":{"0":6,"1":6,"2":15,"3":1,"4":1,"5":1,"6":3,"7":12},"b":{"0":[6,0],"1":[6,6]},"_coverageSchema":"332fd63041d2c1bcb487cc26dd0d5f7d97098a6c","hash":"0e28cfb8a913da317d70163b476d6f80c9f83e44"}
,"/home/mauricio/Documents/react/native/GoNative/testesAutomatizados/src/Post.js": {"path":"/home/mauricio/Documents/react/native/GoNative/testesAutomatizados/src/Post.js","statementMap":{"0":{"start":{"line":4,"column":13},"end":{"line":11,"column":1}},"1":{"start":{"line":5,"column":2},"end":{"line":10,"column":9}},"2":{"start":{"line":9,"column":47},"end":{"line":9,"column":64}}},"fnMap":{"0":{"name":"(anonymous_0)","decl":{"start":{"line":4,"column":13},"end":{"line":4,"column":14}},"loc":{"start":{"line":4,"column":37},"end":{"line":11,"column":1}},"line":4},"1":{"name":"(anonymous_1)","decl":{"start":{"line":9,"column":41},"end":{"line":9,"column":42}},"loc":{"start":{"line":9,"column":47},"end":{"line":9,"column":64}},"line":9}},"branchMap":{},"s":{"0":1,"1":0,"2":0},"f":{"0":0,"1":0},"b":{},"_coverageSchema":"332fd63041d2c1bcb487cc26dd0d5f7d97098a6c","hash":"6fafaf4ae929d3e78329451b032dbbdfa439330f"}
,"/home/mauricio/Documents/react/native/GoNative/testesAutomatizados/src/TodoList.js": {"path":"/home/mauricio/Documents/react/native/GoNative/testesAutomatizados/src/TodoList.js","statementMap":{"0":{"start":{"line":7,"column":17},"end":{"line":13,"column":1}},"1":{"start":{"line":8,"column":2},"end":{"line":12,"column":9}},"2":{"start":{"line":9,"column":24},"end":{"line":9,"column":62}},"3":{"start":{"line":15,"column":24},"end":{"line":17,"column":2}},"4":{"start":{"line":15,"column":34},"end":{"line":17,"column":1}},"5":{"start":{"line":19,"column":27},"end":{"line":20,"column":37}},"6":{"start":{"line":20,"column":0},"end":{"line":20,"column":37}}},"fnMap":{"0":{"name":"(anonymous_0)","decl":{"start":{"line":7,"column":17},"end":{"line":7,"column":18}},"loc":{"start":{"line":8,"column":2},"end":{"line":12,"column":9}},"line":8},"1":{"name":"(anonymous_1)","decl":{"start":{"line":9,"column":16},"end":{"line":9,"column":17}},"loc":{"start":{"line":9,"column":24},"end":{"line":9,"column":62}},"line":9},"2":{"name":"(anonymous_2)","decl":{"start":{"line":15,"column":24},"end":{"line":15,"column":25}},"loc":{"start":{"line":15,"column":34},"end":{"line":17,"column":1}},"line":15},"3":{"name":"(anonymous_3)","decl":{"start":{"line":19,"column":27},"end":{"line":19,"column":28}},"loc":{"start":{"line":20,"column":0},"end":{"line":20,"column":37}},"line":20}},"branchMap":{},"s":{"0":1,"1":2,"2":4,"3":1,"4":2,"5":1,"6":2},"f":{"0":2,"1":4,"2":2,"3":2},"b":{},"_coverageSchema":"332fd63041d2c1bcb487cc26dd0d5f7d97098a6c","hash":"6c514923d51871f56f5b43b24ac8bf293ac22032"}
,"/home/mauricio/Documents/react/native/GoNative/testesAutomatizados/src/services/api.js": {"path":"/home/mauricio/Documents/react/native/GoNative/testesAutomatizados/src/services/api.js","statementMap":{},"fnMap":{},"branchMap":{},"s":{},"f":{},"b":{},"_coverageSchema":"332fd63041d2c1bcb487cc26dd0d5f7d97098a6c","hash":"6241dfd138ad1c942c877df44cfb5e7837f0e7e3"}
,"/home/mauricio/Documents/react/native/GoNative/testesAutomatizados/src/store/actions.js": {"path":"/home/mauricio/Documents/react/native/GoNative/testesAutomatizados/src/store/actions.js","statementMap":{"0":{"start":{"line":2,"column":2},"end":{"line":7,"column":3}},"1":{"start":{"line":11,"column":2},"end":{"line":16,"column":3}},"2":{"start":{"line":20,"column":2},"end":{"line":25,"column":3}}},"fnMap":{"0":{"name":"addTodo","decl":{"start":{"line":1,"column":16},"end":{"line":1,"column":23}},"loc":{"start":{"line":1,"column":30},"end":{"line":8,"column":1}},"line":1},"1":{"name":"removeTodo","decl":{"start":{"line":10,"column":16},"end":{"line":10,"column":26}},"loc":{"start":{"line":10,"column":31},"end":{"line":17,"column":1}},"line":10},"2":{"name":"completeTodo","decl":{"start":{"line":19,"column":16},"end":{"line":19,"column":28}},"loc":{"start":{"line":19,"column":33},"end":{"line":26,"column":1}},"line":19}},"branchMap":{},"s":{"0":3,"1":1,"2":2},"f":{"0":3,"1":1,"2":2},"b":{},"_coverageSchema":"332fd63041d2c1bcb487cc26dd0d5f7d97098a6c","hash":"fc29b9b90d90f3387656a964b854ace5688609df"}
,"/home/mauricio/Documents/react/native/GoNative/testesAutomatizados/src/store/reducers.js": {"path":"/home/mauricio/Documents/react/native/GoNative/testesAutomatizados/src/store/reducers.js","statementMap":{"0":{"start":{"line":2,"column":2},"end":{"line":18,"column":3}},"1":{"start":{"line":4,"column":6},"end":{"line":4,"column":77}},"2":{"start":{"line":7,"column":6},"end":{"line":7,"column":66}},"3":{"start":{"line":7,"column":34},"end":{"line":7,"column":64}},"4":{"start":{"line":10,"column":6},"end":{"line":14,"column":8}},"5":{"start":{"line":11,"column":8},"end":{"line":13,"column":16}},"6":{"start":{"line":17,"column":6},"end":{"line":17,"column":19}}},"fnMap":{"0":{"name":"todos","decl":{"start":{"line":1,"column":24},"end":{"line":1,"column":29}},"loc":{"start":{"line":1,"column":50},"end":{"line":19,"column":1}},"line":1},"1":{"name":"(anonymous_1)","decl":{"start":{"line":7,"column":26},"end":{"line":7,"column":27}},"loc":{"start":{"line":7,"column":34},"end":{"line":7,"column":64}},"line":7},"2":{"name":"(anonymous_2)","decl":{"start":{"line":10,"column":23},"end":{"line":10,"column":24}},"loc":{"start":{"line":11,"column":8},"end":{"line":13,"column":16}},"line":11}},"branchMap":{"0":{"loc":{"start":{"line":1,"column":30},"end":{"line":1,"column":40}},"type":"default-arg","locations":[{"start":{"line":1,"column":38},"end":{"line":1,"column":40}}],"line":1},"1":{"loc":{"start":{"line":2,"column":2},"end":{"line":18,"column":3}},"type":"switch","locations":[{"start":{"line":3,"column":4},"end":{"line":4,"column":77}},{"start":{"line":6,"column":4},"end":{"line":7,"column":66}},{"start":{"line":9,"column":4},"end":{"line":14,"column":8}},{"start":{"line":16,"column":4},"end":{"line":17,"column":19}}],"line":2},"2":{"loc":{"start":{"line":11,"column":8},"end":{"line":13,"column":16}},"type":"cond-expr","locations":[{"start":{"line":12,"column":12},"end":{"line":12,"column":51}},{"start":{"line":13,"column":12},"end":{"line":13,"column":16}}],"line":11}},"s":{"0":5,"1":1,"2":1,"3":2,"4":2,"5":4,"6":1},"f":{"0":5,"1":2,"2":4},"b":{"0":[0],"1":[1,1,2,1],"2":[2,2]},"_coverageSchema":"332fd63041d2c1bcb487cc26dd0d5f7d97098a6c","hash":"752f5a25e4b55e6eef91e0bfe2d0287b9dcd6535"}
,"/home/mauricio/Documents/react/native/GoNative/testesAutomatizados/src/store/sagas.js": {"path":"/home/mauricio/Documents/react/native/GoNative/testesAutomatizados/src/store/sagas.js","statementMap":{"0":{"start":{"line":7,"column":19},"end":{"line":7,"column":76}},"1":{"start":{"line":9,"column":2},"end":{"line":13,"column":3}},"2":{"start":{"line":10,"column":4},"end":{"line":10,"column":53}},"3":{"start":{"line":12,"column":4},"end":{"line":12,"column":40}},"4":{"start":{"line":17,"column":2},"end":{"line":19,"column":4}}},"fnMap":{"0":{"name":"addUserFromGithub","decl":{"start":{"line":6,"column":10},"end":{"line":6,"column":27}},"loc":{"start":{"line":6,"column":36},"end":{"line":14,"column":1}},"line":6},"1":{"name":"root","decl":{"start":{"line":16,"column":25},"end":{"line":16,"column":29}},"loc":{"start":{"line":16,"column":31},"end":{"line":20,"column":1}},"line":16}},"branchMap":{"0":{"loc":{"start":{"line":9,"column":2},"end":{"line":13,"column":3}},"type":"if","locations":[{"start":{"line":9,"column":2},"end":{"line":13,"column":3}},{"start":{"line":9,"column":2},"end":{"line":13,"column":3}}],"line":9}},"s":{"0":2,"1":2,"2":0,"3":2,"4":2},"f":{"0":2,"1":2},"b":{"0":[0,2]},"_coverageSchema":"332fd63041d2c1bcb487cc26dd0d5f7d97098a6c","hash":"e7a505c166e0961d3a1556146a0b1811920df6c1"}
,"/home/mauricio/Documents/react/native/GoNative/testesAutomatizados/src/store/userActions.js": {"path":"/home/mauricio/Documents/react/native/GoNative/testesAutomatizados/src/store/userActions.js","statementMap":{"0":{"start":{"line":2,"column":2},"end":{"line":7,"column":3}},"1":{"start":{"line":11,"column":2},"end":{"line":16,"column":3}},"2":{"start":{"line":20,"column":2},"end":{"line":22,"column":3}}},"fnMap":{"0":{"name":"addUserRequest","decl":{"start":{"line":1,"column":16},"end":{"line":1,"column":30}},"loc":{"start":{"line":1,"column":41},"end":{"line":8,"column":1}},"line":1},"1":{"name":"addUserSuccess","decl":{"start":{"line":10,"column":16},"end":{"line":10,"column":30}},"loc":{"start":{"line":10,"column":37},"end":{"line":17,"column":1}},"line":10},"2":{"name":"addUserFailure","decl":{"start":{"line":19,"column":16},"end":{"line":19,"column":30}},"loc":{"start":{"line":19,"column":33},"end":{"line":23,"column":1}},"line":19}},"branchMap":{},"s":{"0":2,"1":1,"2":4},"f":{"0":2,"1":1,"2":4},"b":{},"_coverageSchema":"332fd63041d2c1bcb487cc26dd0d5f7d97098a6c","hash":"163c568ac962eac8fcea5cc0f69a4613421fe703"}
}
