TN:
SF:/home/mauricio/Documents/react/native/GoNative/testesAutomatizados/__tests__/setup.js
FNF:0
FNH:0
DA:4,4
LF:1
LH:1
BRF:0
BRH:0
end_of_record
TN:
SF:/home/mauricio/Documents/react/native/GoNative/testesAutomatizados/src/List.js
FN:11,(anonymous_0)
FN:17,(anonymous_1)
FN:19,(anonymous_2)
FN:23,(anonymous_3)
FN:32,(anonymous_4)
FN:36,(anonymous_5)
FN:38,(anonymous_6)
FN:42,(anonymous_7)
FNF:8
FNH:8
FNDA:6,(anonymous_0)
FNDA:6,(anonymous_1)
FNDA:15,(anonymous_2)
FNDA:1,(anonymous_3)
FNDA:1,(anonymous_4)
FNDA:1,(anonymous_5)
FNDA:3,(anonymous_6)
FNDA:12,(anonymous_7)
DA:12,6
DA:14,0
DA:18,6
DA:19,15
DA:24,1
DA:33,1
DA:37,1
DA:38,3
DA:43,12
LF:9
LH:8
BRDA:12,0,0,6
BRDA:12,0,1,0
BRDA:45,1,0,6
BRDA:45,1,1,6
BRF:4
BRH:3
end_of_record
TN:
SF:/home/mauricio/Documents/react/native/GoNative/testesAutomatizados/src/Post.js
FN:4,(anonymous_0)
FN:9,(anonymous_1)
FNF:2
FNH:0
FNDA:0,(anonymous_0)
FNDA:0,(anonymous_1)
DA:4,1
DA:5,0
DA:9,0
LF:3
LH:1
BRF:0
BRH:0
end_of_record
TN:
SF:/home/mauricio/Documents/react/native/GoNative/testesAutomatizados/src/TodoList.js
FN:7,(anonymous_0)
FN:9,(anonymous_1)
FN:15,(anonymous_2)
FN:19,(anonymous_3)
FNF:4
FNH:4
FNDA:2,(anonymous_0)
FNDA:4,(anonymous_1)
FNDA:2,(anonymous_2)
FNDA:2,(anonymous_3)
DA:7,1
DA:8,2
DA:9,4
DA:15,2
DA:19,1
DA:20,2
LF:6
LH:6
BRF:0
BRH:0
end_of_record
TN:
SF:/home/mauricio/Documents/react/native/GoNative/testesAutomatizados/src/services/api.js
FNF:0
FNH:0
LF:0
LH:0
BRF:0
BRH:0
end_of_record
TN:
SF:/home/mauricio/Documents/react/native/GoNative/testesAutomatizados/src/store/actions.js
FN:1,addTodo
FN:10,removeTodo
FN:19,completeTodo
FNF:3
FNH:3
FNDA:3,addTodo
FNDA:1,removeTodo
FNDA:2,completeTodo
DA:2,3
DA:11,1
DA:20,2
LF:3
LH:3
BRF:0
BRH:0
end_of_record
TN:
SF:/home/mauricio/Documents/react/native/GoNative/testesAutomatizados/src/store/reducers.js
FN:1,todos
FN:7,(anonymous_1)
FN:10,(anonymous_2)
FNF:3
FNH:3
FNDA:5,todos
FNDA:2,(anonymous_1)
FNDA:4,(anonymous_2)
DA:2,5
DA:4,1
DA:7,2
DA:10,2
DA:11,4
DA:17,1
LF:6
LH:6
BRDA:1,0,0,0
BRDA:2,1,0,1
BRDA:2,1,1,1
BRDA:2,1,2,2
BRDA:2,1,3,1
BRDA:11,2,0,2
BRDA:11,2,1,2
BRF:7
BRH:6
end_of_record
TN:
SF:/home/mauricio/Documents/react/native/GoNative/testesAutomatizados/src/store/sagas.js
FN:6,addUserFromGithub
FN:16,root
FNF:2
FNH:2
FNDA:2,addUserFromGithub
FNDA:2,root
DA:7,2
DA:9,2
DA:10,0
DA:12,2
DA:17,2
LF:5
LH:4
BRDA:9,0,0,0
BRDA:9,0,1,2
BRF:2
BRH:1
end_of_record
TN:
SF:/home/mauricio/Documents/react/native/GoNative/testesAutomatizados/src/store/userActions.js
FN:1,addUserRequest
FN:10,addUserSuccess
FN:19,addUserFailure
FNF:3
FNH:3
FNDA:2,addUserRequest
FNDA:1,addUserSuccess
FNDA:4,addUserFailure
DA:2,2
DA:11,1
DA:20,4
LF:3
LH:3
BRF:0
BRH:0
end_of_record
